Removed Pin From Net: NetName=G_High Pin=P_Jumper_GREF-1
Removed Pin From Net: NetName=ANALOG9 Pin=P_Jumper_GREF-2
Removed Pin From Net: NetName=GRef Pin=P_Jumper_GREF-3
Added Component: Designator=P_Jumper_GREF(CONN_3P_691210910003)
Add component (AddParameter): Name = "Application"; Value = "Rising Cage Clamp"; VariantName = "[No Variations]"
Add component (AddParameter): Name = "Category"; Value = "Terminal Blocks"; VariantName = "[No Variations]"
Add component (AddParameter): Name = "ComponentLink1Description"; Value = "Website Link"; VariantName = "[No Variations]"
Add component (AddParameter): Name = "ComponentLink1URL"; Value = "https://www.we-online.com/redexpert/article/691210910003?ad"; VariantName = "[No Variations]"
Add component (AddParameter): Name = "ComponentLink2Description"; Value = "Datasheet Link"; VariantName = "[No Variations]"
Add component (AddParameter): Name = "ComponentLink2URL"; Value = "https://www.we-online.com/redexpert/spec/691210910003?ad"; VariantName = "[No Variations]"
Add component (AddParameter): Name = "Manufacturer"; Value = "Wurth Elektronik"; VariantName = "[No Variations]"
Add component (AddParameter): Name = "Manufacturer Part Number"; Value = "691210910003"; VariantName = "[No Variations]"
Add component (AddParameter): Name = "Match Code"; Value = "WR-TBL"; VariantName = "[No Variations]"
Add component (AddParameter): Name = "Modularity"; Value = "No"; VariantName = "[No Variations]"
Add component (AddParameter): Name = "Mount"; Value = "Through Hole"; VariantName = "[No Variations]"
Add component (AddParameter): Name = "Number of Pins"; Value = "3"; VariantName = "[No Variations]"
Add component (AddParameter): Name = "Number of Rows"; Value = "1"; VariantName = "[No Variations]"
Add component (AddParameter): Name = "Operating Temperature Max"; Value = "105°C"; VariantName = "[No Variations]"
Add component (AddParameter): Name = "Operating Temperature Min"; Value = "-40°C"; VariantName = "[No Variations]"
Add component (AddParameter): Name = "Orientation"; Value = "Horizontal"; VariantName = "[No Variations]"
Add component (AddParameter): Name = "Packaging"; Value = "Box"; VariantName = "[No Variations]"
Add component (AddParameter): Name = "Pitch"; Value = "2.54mm"; VariantName = "[No Variations]"
Add component (AddParameter): Name = "Rated Current"; Value = "6A"; VariantName = "[No Variations]"
Add component (AddParameter): Name = "Working Voltage"; Value = "150V"; VariantName = "[No Variations]"
Added Pin To Net: NetName=GRef Pin=P_Jumper_GREF-1
Added Pin To Net: NetName=ANALOG9 Pin=P_Jumper_GREF-2
Added Pin To Net: NetName=G_High Pin=P_Jumper_GREF-3
Add Pin To Net: Unknown Pin: Pin U41-1
Add Pin To Net: Unknown Pin: Pin U41-2
Add Pin To Net: Unknown Pin: Pin U41-3
Add Pin To Net: Unknown Pin: Pin U41-4
Add Pin To Net: Unknown Pin: Pin U41-5
Add Pin To Net: Unknown Pin: Pin U41-6
Add Pin To Net: Unknown Pin: Pin U41-7
Add Pin To Net: Unknown Pin: Pin U41-8
Add Pin To Net: Unknown Pin: Pin U41-9
Added Member To Class: ClassName=Processor Member=Component P31 Pin header 2p
Added Member To Class: ClassName=Processor Member=Component P_311 Pin header 2p
Added Member To Class: ClassName=Processor Member=Component P_312 Pin header 2p
Added Member To Class: ClassName=Processor Member=Component R341 10k
Added Member To Class: ClassName=Processor Member=Component SW341 PB SW
